# JRE version: OpenJDK Runtime Environment (21.0.4) (build 21.0.4+-12508038-b607.1)
# Java VM: OpenJDK 64-Bit Server VM (21.0.4+-12508038-b607.1, mixed mode, tiered, compressed oops, compressed class ptrs, g1 gc, windows-amd64)
GC Precious Log:
 CardTable entry size: 512
 Card Set container configuration: InlinePtr #cards 5 size 8 Array Of Cards #cards 12 size 40 Howl #buckets 4 coarsen threshold 1843 Howl Bitmap #cards 512 size 80 coarsen threshold 460 Card regions per heap region 1 cards per card region 2048
 CPUs: 12 total, 12 available
 Memory: 7877M
 Large Page Support: Disabled
 NUMA Support: Disabled
 Compressed Oops: Enabled (32-bit)
 Heap Region Size: 1M
 Heap Min Capacity: 8M
 Heap Initial Capacity: 124M
 Heap Max Capacity: 1970M
 Pre-touch: Disabled
 Parallel Workers: 10
 Concurrent Workers: 3
 Concurrent Refinement Workers: 10
 Periodic GC: Disabled
Heap:
 garbage-first heap   total 135168K, used 84311K [0x0000000084e00000, 0x0000000100000000)
  region size 1024K, 5 young (5120K), 5 survivors (5120K)
 Metaspace       used 87709K, committed 88512K, reserved 1179648K
  class space    used 9299K, committed 9664K, reserved 1048576K
GC Heap History (20 events):
Event: 9.013 GC heap after
{Heap after GC invocations=25 (full 0):
 garbage-first heap   total 99328K, used 56053K [0x0000000084e00000, 0x0000000100000000)
  region size 1024K, 5 young (5120K), 5 survivors (5120K)
 Metaspace       used 58985K, committed 59712K, reserved 1114112K
  class space    used 6682K, committed 7040K, reserved 1048576K
}
Event: 10.324 GC heap before
{Heap before GC invocations=25 (full 0):
 garbage-first heap   total 99328K, used 86773K [0x0000000084e00000, 0x0000000100000000)
  region size 1024K, 35 young (35840K), 5 survivors (5120K)
 Metaspace       used 61874K, committed 62656K, reserved 1114112K
  class space    used 6964K, committed 7360K, reserved 1048576K
}
Event: 10.344 GC heap after
{Heap after GC invocations=26 (full 0):
 garbage-first heap   total 99328K, used 59666K [0x0000000084e00000, 0x0000000100000000)
  region size 1024K, 4 young (4096K), 4 survivors (4096K)
 Metaspace       used 61874K, committed 62656K, reserved 1114112K
  class space    used 6964K, committed 7360K, reserved 1048576K
}
Event: 11.489 GC heap before
{Heap before GC invocations=27 (full 0):
 garbage-first heap   total 101376K, used 87314K [0x0000000084e00000, 0x0000000100000000)
  region size 1024K, 31 young (31744K), 4 survivors (4096K)
 Metaspace       used 63958K, committed 64704K, reserved 1114112K
  class space    used 7232K, committed 7616K, reserved 1048576K
}
Event: 11.508 GC heap after
{Heap after GC invocations=28 (full 0):
 garbage-first heap   total 101376K, used 63633K [0x0000000084e00000, 0x0000000100000000)
  region size 1024K, 4 young (4096K), 4 survivors (4096K)
 Metaspace       used 63958K, committed 64704K, reserved 1114112K
  class space    used 7232K, committed 7616K, reserved 1048576K
}
Event: 12.433 GC heap before
{Heap before GC invocations=28 (full 0):
 garbage-first heap   total 101376K, used 90257K [0x0000000084e00000, 0x0000000100000000)
  region size 1024K, 30 young (30720K), 4 survivors (4096K)
 Metaspace       used 64441K, committed 65152K, reserved 1114112K
  class space    used 7252K, committed 7616K, reserved 1048576K
}
Event: 12.454 GC heap after
{Heap after GC invocations=29 (full 0):
 garbage-first heap   total 101376K, used 65908K [0x0000000084e00000, 0x0000000100000000)
  region size 1024K, 3 young (3072K), 3 survivors (3072K)
 Metaspace       used 64441K, committed 65152K, reserved 1114112K
  class space    used 7252K, committed 7616K, reserved 1048576K
}
Event: 13.178 GC heap before
{Heap before GC invocations=29 (full 0):
 garbage-first heap   total 101376K, used 91508K [0x0000000084e00000, 0x0000000100000000)
  region size 1024K, 28 young (28672K), 3 survivors (3072K)
 Metaspace       used 67021K, committed 67776K, reserved 1114112K
  class space    used 7502K, committed 7872K, reserved 1048576K
}
Event: 13.190 GC heap after
{Heap after GC invocations=30 (full 0):
 garbage-first heap   total 121856K, used 67810K [0x0000000084e00000, 0x0000000100000000)
  region size 1024K, 2 young (2048K), 2 survivors (2048K)
 Metaspace       used 67021K, committed 67776K, reserved 1114112K
  class space    used 7502K, committed 7872K, reserved 1048576K
}
Event: 14.185 GC heap before
{Heap before GC invocations=31 (full 0):
 garbage-first heap   total 121856K, used 109794K [0x0000000084e00000, 0x0000000100000000)
  region size 1024K, 43 young (44032K), 2 survivors (2048K)
 Metaspace       used 71493K, committed 72320K, reserved 1114112K
  class space    used 7905K, committed 8320K, reserved 1048576K
}
Event: 14.203 GC heap after
{Heap after GC invocations=32 (full 0):
 garbage-first heap   total 121856K, used 72601K [0x0000000084e00000, 0x0000000100000000)
  region size 1024K, 6 young (6144K), 6 survivors (6144K)
 Metaspace       used 71493K, committed 72320K, reserved 1114112K
  class space    used 7905K, committed 8320K, reserved 1048576K
}
Event: 15.145 GC heap before
{Heap before GC invocations=32 (full 0):
 garbage-first heap   total 121856K, used 108441K [0x0000000084e00000, 0x0000000100000000)
  region size 1024K, 41 young (41984K), 6 survivors (6144K)
 Metaspace       used 78123K, committed 78912K, reserved 1179648K
  class space    used 8543K, committed 8960K, reserved 1048576K
}
Event: 15.173 GC heap after
{Heap after GC invocations=33 (full 0):
 garbage-first heap   total 121856K, used 76158K [0x0000000084e00000, 0x0000000100000000)
  region size 1024K, 4 young (4096K), 4 survivors (4096K)
 Metaspace       used 78123K, committed 78912K, reserved 1179648K
  class space    used 8543K, committed 8960K, reserved 1048576K
}
Event: 15.796 GC heap before
{Heap before GC invocations=33 (full 0):
 garbage-first heap   total 121856K, used 109950K [0x0000000084e00000, 0x0000000100000000)
  region size 1024K, 37 young (37888K), 4 survivors (4096K)
 Metaspace       used 81876K, committed 82688K, reserved 1179648K
  class space    used 8881K, committed 9280K, reserved 1048576K
}
Event: 15.812 GC heap after
{Heap after GC invocations=34 (full 0):
 garbage-first heap   total 121856K, used 80664K [0x0000000084e00000, 0x0000000100000000)
  region size 1024K, 5 young (5120K), 5 survivors (5120K)
 Metaspace       used 81876K, committed 82688K, reserved 1179648K
  class space    used 8881K, committed 9280K, reserved 1048576K
}
Event: 16.166 GC heap before
{Heap before GC invocations=35 (full 0):
 garbage-first heap   total 135168K, used 108312K [0x0000000084e00000, 0x0000000100000000)
  region size 1024K, 32 young (32768K), 5 survivors (5120K)
 Metaspace       used 82212K, committed 83008K, reserved 1179648K
  class space    used 8885K, committed 9280K, reserved 1048576K
}
Event: 16.175 GC heap after
{Heap after GC invocations=36 (full 0):
 garbage-first heap   total 135168K, used 82039K [0x0000000084e00000, 0x0000000100000000)
  region size 1024K, 1 young (1024K), 1 survivors (1024K)
 Metaspace       used 82212K, committed 83008K, reserved 1179648K
  class space    used 8885K, committed 9280K, reserved 1048576K
}
Event: 16.882 GC heap before
{Heap before GC invocations=36 (full 0):
 garbage-first heap   total 135168K, used 122999K [0x0000000084e00000, 0x0000000100000000)
  region size 1024K, 41 young (41984K), 1 survivors (1024K)
 Metaspace       used 85347K, committed 86080K, reserved 1179648K
  class space    used 9150K, committed 9536K, reserved 1048576K
}
Event: 16.891 GC heap after
{Heap after GC invocations=37 (full 0):
 garbage-first heap   total 135168K, used 81760K [0x0000000084e00000, 0x0000000100000000)
  region size 1024K, 2 young (2048K), 2 survivors (2048K)
 Metaspace       used 85347K, committed 86080K, reserved 1179648K
  class space    used 9150K, committed 9536K, reserved 1048576K
}
Event: 17.746 GC heap before
{Heap before GC invocations=37 (full 0):
 garbage-first heap   total 135168K, used 124768K [0x0000000084e00000, 0x0000000100000000)
  region size 1024K, 44 young (45056K), 2 survivors (2048K)
 Metaspace       used 87709K, committed 88512K, reserved 1179648K
  class space    used 9299K, committed 9664K, reserved 1048576K
}

