# JRE version: OpenJDK Runtime Environment (21.0.4) (build 21.0.4+-12508038-b607.1)
# Java VM: OpenJDK 64-Bit Server VM (21.0.4+-12508038-b607.1, mixed mode, tiered, compressed oops, compressed class ptrs, g1 gc, windows-amd64)
GC Precious Log:
 CardTable entry size: 512
 Card Set container configuration: InlinePtr #cards 5 size 8 Array Of Cards #cards 12 size 40 Howl #buckets 4 coarsen threshold 1843 Howl Bitmap #cards 512 size 80 coarsen threshold 460 Card regions per heap region 1 cards per card region 2048
 CPUs: 12 total, 12 available
 Memory: 7877M
 Large Page Support: Disabled
 NUMA Support: Disabled
 Compressed Oops: Enabled (32-bit)
 Heap Region Size: 1M
 Heap Min Capacity: 8M
 Heap Initial Capacity: 124M
 Heap Max Capacity: 1970M
 Pre-touch: Disabled
 Parallel Workers: 10
 Concurrent Workers: 3
 Concurrent Refinement Workers: 10
 Periodic GC: Disabled
Heap:
 garbage-first heap   total 128000K, used 72466K [0x0000000084e00000, 0x0000000100000000)
  region size 1024K, 5 young (5120K), 5 survivors (5120K)
 Metaspace       used 71429K, committed 72192K, reserved 1114112K
  class space    used 7895K, committed 8256K, reserved 1048576K
GC Heap History (20 events):
Event: 3.182 GC heap after
{Heap after GC invocations=17 (full 0):
 garbage-first heap   total 80896K, used 36593K [0x0000000084e00000, 0x0000000100000000)
  region size 1024K, 3 young (3072K), 3 survivors (3072K)
 Metaspace       used 52352K, committed 53056K, reserved 1114112K
  class space    used 6072K, committed 6400K, reserved 1048576K
}
Event: 3.582 GC heap before
{Heap before GC invocations=17 (full 0):
 garbage-first heap   total 80896K, used 65265K [0x0000000084e00000, 0x0000000100000000)
  region size 1024K, 31 young (31744K), 3 survivors (3072K)
 Metaspace       used 52959K, committed 53632K, reserved 1114112K
  class space    used 6095K, committed 6400K, reserved 1048576K
}
Event: 3.596 GC heap after
{Heap after GC invocations=18 (full 0):
 garbage-first heap   total 80896K, used 42268K [0x0000000084e00000, 0x0000000100000000)
  region size 1024K, 4 young (4096K), 4 survivors (4096K)
 Metaspace       used 52959K, committed 53632K, reserved 1114112K
  class space    used 6095K, committed 6400K, reserved 1048576K
}
Event: 3.822 GC heap before
{Heap before GC invocations=18 (full 0):
 garbage-first heap   total 80896K, used 66844K [0x0000000084e00000, 0x0000000100000000)
  region size 1024K, 28 young (28672K), 4 survivors (4096K)
 Metaspace       used 53633K, committed 54336K, reserved 1114112K
  class space    used 6174K, committed 6528K, reserved 1048576K
}
Event: 3.836 GC heap after
{Heap after GC invocations=19 (full 0):
 garbage-first heap   total 80896K, used 45830K [0x0000000084e00000, 0x0000000100000000)
  region size 1024K, 4 young (4096K), 4 survivors (4096K)
 Metaspace       used 53633K, committed 54336K, reserved 1114112K
  class space    used 6174K, committed 6528K, reserved 1048576K
}
Event: 3.997 GC heap before
{Heap before GC invocations=19 (full 0):
 garbage-first heap   total 80896K, used 67334K [0x0000000084e00000, 0x0000000100000000)
  region size 1024K, 26 young (26624K), 4 survivors (4096K)
 Metaspace       used 54329K, committed 54976K, reserved 1114112K
  class space    used 6269K, committed 6592K, reserved 1048576K
}
Event: 4.004 GC heap after
{Heap after GC invocations=20 (full 0):
 garbage-first heap   total 80896K, used 46871K [0x0000000084e00000, 0x0000000100000000)
  region size 1024K, 1 young (1024K), 1 survivors (1024K)
 Metaspace       used 54329K, committed 54976K, reserved 1114112K
  class space    used 6269K, committed 6592K, reserved 1048576K
}
Event: 4.324 GC heap before
{Heap before GC invocations=21 (full 0):
 garbage-first heap   total 80896K, used 69399K [0x0000000084e00000, 0x0000000100000000)
  region size 1024K, 24 young (24576K), 1 survivors (1024K)
 Metaspace       used 55134K, committed 55808K, reserved 1114112K
  class space    used 6350K, committed 6656K, reserved 1048576K
}
Event: 4.331 GC heap after
{Heap after GC invocations=22 (full 0):
 garbage-first heap   total 80896K, used 48524K [0x0000000084e00000, 0x0000000100000000)
  region size 1024K, 3 young (3072K), 3 survivors (3072K)
 Metaspace       used 55134K, committed 55808K, reserved 1114112K
  class space    used 6350K, committed 6656K, reserved 1048576K
}
Event: 4.978 GC heap before
{Heap before GC invocations=22 (full 0):
 garbage-first heap   total 80896K, used 70028K [0x0000000084e00000, 0x0000000100000000)
  region size 1024K, 25 young (25600K), 3 survivors (3072K)
 Metaspace       used 56746K, committed 57408K, reserved 1114112K
  class space    used 6477K, committed 6784K, reserved 1048576K
}
Event: 4.990 GC heap after
{Heap after GC invocations=23 (full 0):
 garbage-first heap   total 110592K, used 52169K [0x0000000084e00000, 0x0000000100000000)
  region size 1024K, 4 young (4096K), 4 survivors (4096K)
 Metaspace       used 56746K, committed 57408K, reserved 1114112K
  class space    used 6477K, committed 6784K, reserved 1048576K
}
Event: 6.040 GC heap before
{Heap before GC invocations=23 (full 0):
 garbage-first heap   total 110592K, used 96201K [0x0000000084e00000, 0x0000000100000000)
  region size 1024K, 46 young (47104K), 4 survivors (4096K)
 Metaspace       used 60574K, committed 61312K, reserved 1114112K
  class space    used 6841K, committed 7168K, reserved 1048576K
}
Event: 6.056 GC heap after
{Heap after GC invocations=24 (full 0):
 garbage-first heap   total 110592K, used 57777K [0x0000000084e00000, 0x0000000100000000)
  region size 1024K, 6 young (6144K), 6 survivors (6144K)
 Metaspace       used 60574K, committed 61312K, reserved 1114112K
  class space    used 6841K, committed 7168K, reserved 1048576K
}
Event: 7.213 GC heap before
{Heap before GC invocations=24 (full 0):
 garbage-first heap   total 110592K, used 93617K [0x0000000084e00000, 0x0000000100000000)
  region size 1024K, 41 young (41984K), 6 survivors (6144K)
 Metaspace       used 63801K, committed 64576K, reserved 1114112K
  class space    used 7225K, committed 7616K, reserved 1048576K
}
Event: 7.230 GC heap after
{Heap after GC invocations=25 (full 0):
 garbage-first heap   total 110592K, used 62464K [0x0000000084e00000, 0x0000000100000000)
  region size 1024K, 4 young (4096K), 4 survivors (4096K)
 Metaspace       used 63801K, committed 64576K, reserved 1114112K
  class space    used 7225K, committed 7616K, reserved 1048576K
}
Event: 8.076 GC heap before
{Heap before GC invocations=25 (full 0):
 garbage-first heap   total 110592K, used 96256K [0x0000000084e00000, 0x0000000100000000)
  region size 1024K, 37 young (37888K), 4 survivors (4096K)
 Metaspace       used 64427K, committed 65216K, reserved 1114112K
  class space    used 7251K, committed 7616K, reserved 1048576K
}
Event: 8.092 GC heap after
{Heap after GC invocations=26 (full 0):
 garbage-first heap   total 110592K, used 67512K [0x0000000084e00000, 0x0000000100000000)
  region size 1024K, 5 young (5120K), 5 survivors (5120K)
 Metaspace       used 64427K, committed 65216K, reserved 1114112K
  class space    used 7251K, committed 7616K, reserved 1048576K
}
Event: 8.873 GC heap before
{Heap before GC invocations=27 (full 0):
 garbage-first heap   total 114688K, used 97208K [0x0000000084e00000, 0x0000000100000000)
  region size 1024K, 34 young (34816K), 5 survivors (5120K)
 Metaspace       used 66955K, committed 67712K, reserved 1114112K
  class space    used 7496K, committed 7872K, reserved 1048576K
}
Event: 8.883 GC heap after
{Heap after GC invocations=28 (full 0):
 garbage-first heap   total 114688K, used 69463K [0x0000000084e00000, 0x0000000100000000)
  region size 1024K, 2 young (2048K), 2 survivors (2048K)
 Metaspace       used 66955K, committed 67712K, reserved 1114112K
  class space    used 7496K, committed 7872K, reserved 1048576K
}
Event: 9.450 GC heap before
{Heap before GC invocations=28 (full 0):
 garbage-first heap   total 114688K, used 103255K [0x0000000084e00000, 0x0000000100000000)
  region size 1024K, 35 young (35840K), 2 survivors (2048K)
 Metaspace       used 71429K, committed 72192K, reserved 1114112K
  class space    used 7895K, committed 8256K, reserved 1048576K
}

